Determining if the pthread_create exist failed with the following output:
Change Dir: /home/amelia-young/hclass-robotics/week-1/publisher_ex/catkin_ws/build/CMakeFiles/CMakeTmp

Run Build Command:"/usr/bin/make" "cmTC_82dd0/fast"
/usr/bin/make -f CMakeFiles/cmTC_82dd0.dir/build.make CMakeFiles/cmTC_82dd0.dir/build
make[1]: Entering directory '/home/amelia-young/hclass-robotics/week-1/publisher_ex/catkin_ws/build/CMakeFiles/CMakeTmp'
Building C object CMakeFiles/cmTC_82dd0.dir/CheckSymbolExists.c.o
/usr/bin/cc    -o CMakeFiles/cmTC_82dd0.dir/CheckSymbolExists.c.o   -c /home/amelia-young/hclass-robotics/week-1/publisher_ex/catkin_ws/build/CMakeFiles/CMakeTmp/CheckSymbolExists.c
Linking C executable cmTC_82dd0
/usr/bin/cmake -E cmake_link_script CMakeFiles/cmTC_82dd0.dir/link.txt --verbose=1
/usr/bin/cc      -rdynamic CMakeFiles/cmTC_82dd0.dir/CheckSymbolExists.c.o  -o cmTC_82dd0 
CMakeFiles/cmTC_82dd0.dir/CheckSymbolExists.c.o: In function `main':
CheckSymbolExists.c:(.text+0x1b): undefined reference to `pthread_create'
collect2: error: ld returned 1 exit status
CMakeFiles/cmTC_82dd0.dir/build.make:97: recipe for target 'cmTC_82dd0' failed
make[1]: *** [cmTC_82dd0] Error 1
make[1]: Leaving directory '/home/amelia-young/hclass-robotics/week-1/publisher_ex/catkin_ws/build/CMakeFiles/CMakeTmp'
Makefile:126: recipe for target 'cmTC_82dd0/fast' failed
make: *** [cmTC_82dd0/fast] Error 2

File /home/amelia-young/hclass-robotics/week-1/publisher_ex/catkin_ws/build/CMakeFiles/CMakeTmp/CheckSymbolExists.c:
/* */
#include <pthread.h>

int main(int argc, char** argv)
{
  (void)argv;
#ifndef pthread_create
  return ((int*)(&pthread_create))[argc];
#else
  (void)argc;
  return 0;
#endif
}

Determining if the function pthread_create exists in the pthreads failed with the following output:
Change Dir: /home/amelia-young/hclass-robotics/week-1/publisher_ex/catkin_ws/build/CMakeFiles/CMakeTmp

Run Build Command:"/usr/bin/make" "cmTC_81814/fast"
/usr/bin/make -f CMakeFiles/cmTC_81814.dir/build.make CMakeFiles/cmTC_81814.dir/build
make[1]: Entering directory '/home/amelia-young/hclass-robotics/week-1/publisher_ex/catkin_ws/build/CMakeFiles/CMakeTmp'
Building C object CMakeFiles/cmTC_81814.dir/CheckFunctionExists.c.o
/usr/bin/cc   -DCHECK_FUNCTION_EXISTS=pthread_create   -o CMakeFiles/cmTC_81814.dir/CheckFunctionExists.c.o   -c /usr/share/cmake-3.10/Modules/CheckFunctionExists.c
Linking C executable cmTC_81814
/usr/bin/cmake -E cmake_link_script CMakeFiles/cmTC_81814.dir/link.txt --verbose=1
/usr/bin/cc  -DCHECK_FUNCTION_EXISTS=pthread_create    -rdynamic CMakeFiles/cmTC_81814.dir/CheckFunctionExists.c.o  -o cmTC_81814 -lpthreads 
/usr/bin/ld: cannot find -lpthreads
collect2: error: ld returned 1 exit status
CMakeFiles/cmTC_81814.dir/build.make:97: recipe for target 'cmTC_81814' failed
make[1]: *** [cmTC_81814] Error 1
make[1]: Leaving directory '/home/amelia-young/hclass-robotics/week-1/publisher_ex/catkin_ws/build/CMakeFiles/CMakeTmp'
Makefile:126: recipe for target 'cmTC_81814/fast' failed
make: *** [cmTC_81814/fast] Error 2


